{"level":"info","message":"Vehicle list displayed successfully","timestamp":"2023-02-13T07:36:16.628Z"}
{"level":"info","message":"Vehicle list displayed successfully","timestamp":"2023-02-13T07:43:31.554Z"}
{"level":"info","message":"New Vehicle Successfully Added To Inventory ","timestamp":"2023-02-13T07:45:39.999Z"}
{"level":"info","message":"New vehicle successfully added to inventory ","timestamp":"2023-02-13T07:48:56.819Z"}
{"level":"info","message":"Vehicle list displayed successfully","timestamp":"2023-02-13T07:49:13.797Z"}
{"level":"info","message":"Vehicle information successfully displayed","timestamp":"2023-02-13T07:49:23.787Z"}
{"level":"error","message":"Vehicle information could not be displayed","timestamp":"2023-02-13T07:49:36.809Z"}
{"level":"info","message":"Vehicle list displayed successfully","timestamp":"2023-02-13T07:52:07.074Z"}
{"level":"info","message":"Vehicle information has been updated successfully","timestamp":"2023-02-13T07:52:33.326Z"}
{"level":"info","message":"Vehicle list displayed successfully","timestamp":"2023-02-13T07:52:39.089Z"}
{"level":"info","message":"Vehicle has been successfully removed from inventory","timestamp":"2023-02-13T07:54:46.265Z"}
{"level":"info","message":"Vehicle has been successfully removed from inventory","timestamp":"2023-02-13T07:55:22.193Z"}
{"level":"info","message":"Vehicle list displayed successfully","timestamp":"2023-02-13T07:55:34.366Z"}
{"level":"info","message":"Vehicle list displayed successfully","timestamp":"2023-02-13T08:08:35.549Z"}
{"level":"info","message":"Vehicle has been successfully removed from inventory","timestamp":"2023-02-13T08:08:54.768Z"}
{"level":"info","message":"Vehicle list displayed successfully","timestamp":"2023-02-13T08:09:20.273Z"}
{"level":"info","message":"Vehicle has been successfully removed from inventory","timestamp":"2023-02-13T08:09:29.017Z"}
{"level":"info","message":"Vehicle list displayed successfully","timestamp":"2023-02-13T08:09:32.757Z"}
{"level":"info","message":"Vehicle information has been updated successfully","timestamp":"2023-02-13T08:11:05.120Z"}
{"level":"info","message":"Vehicle list displayed successfully","timestamp":"2023-02-13T08:12:22.422Z"}
{"level":"info","message":"Order placed successfully","timestamp":"2023-02-13T08:18:12.663Z"}
{"level":"info","message":"Order list displayed successfully","timestamp":"2023-02-13T08:18:18.602Z"}
{"level":"error","message":"Order could not be placed","timestamp":"2023-02-13T08:18:26.839Z"}
{"level":"error","message":"Order could not be placed","timestamp":"2023-02-13T08:18:44.998Z"}
{"level":"info","message":"Vehicle list displayed successfully","timestamp":"2023-02-13T08:18:58.360Z"}
{"level":"info","message":"Order placed successfully","timestamp":"2023-02-13T08:19:07.544Z"}
{"level":"info","message":"Order list displayed successfully","timestamp":"2023-02-13T08:19:13.861Z"}
{"level":"info","message":"Order has been removed successfully","timestamp":"2023-02-13T08:22:16.729Z"}
{"level":"info","message":"Order list displayed successfully","timestamp":"2023-02-13T08:22:28.152Z"}
